app/build/intermediates/manifest_merge_blame_file/debug/manifest-merger-blame-debug-report.txt
1<?xml version="1.0" encoding="utf-8"?>
2<manifest xmlns:android="http://schemas.android.com/apk/res/android"
3    package="com.project.mapchat"
4    android:versionCode="1"
5    android:versionName="1.0" >
6
7    <uses-sdk
8        android:minSdkVersion="21"
8-->src/main/AndroidManifest.xml
9        android:targetSdkVersion="29" />
9-->src/main/AndroidManifest.xml
10
11    <uses-permission android:name="android.permission.ACCESS_FINE_LOCATION" />
11-->src/main/AndroidManifest.xml:5:5-79
11-->src/main/AndroidManifest.xml:5:22-76
12    <uses-permission android:name="android.permission.INTERNET" />
12-->src/main/AndroidManifest.xml:6:5-67
12-->src/main/AndroidManifest.xml:6:22-64
13
14    <uses-feature
14-->[com.mapbox.mapboxsdk:mapbox-android-sdk:8.4.0] AndroidManifest.xml:9:5-11:35
15        android:glEsVersion="0x00020000"
15-->[com.mapbox.mapboxsdk:mapbox-android-sdk:8.4.0] AndroidManifest.xml:10:9-41
16        android:required="true" />
16-->[com.mapbox.mapboxsdk:mapbox-android-sdk:8.4.0] AndroidManifest.xml:11:9-32
17    <uses-feature
17-->[com.mapbox.mapboxsdk:mapbox-android-sdk:8.4.0] AndroidManifest.xml:12:5-14:36
18        android:name="android.hardware.wifi"
18-->[com.mapbox.mapboxsdk:mapbox-android-sdk:8.4.0] AndroidManifest.xml:13:9-45
19        android:required="false" />
19-->[com.mapbox.mapboxsdk:mapbox-android-sdk:8.4.0] AndroidManifest.xml:14:9-33
20
21    <uses-permission android:name="android.permission.ACCESS_NETWORK_STATE" />
21-->[com.mapbox.mapboxsdk:mapbox-android-sdk:8.4.0] AndroidManifest.xml:17:5-79
21-->[com.mapbox.mapboxsdk:mapbox-android-sdk:8.4.0] AndroidManifest.xml:17:22-76
22    <uses-permission android:name="android.permission.ACCESS_WIFI_STATE" /> <!-- Required for CrashReporterJobIntentService on API levels below 25 -->
22-->[com.mapbox.mapboxsdk:mapbox-android-sdk:8.4.0] AndroidManifest.xml:18:5-76
22-->[com.mapbox.mapboxsdk:mapbox-android-sdk:8.4.0] AndroidManifest.xml:18:22-73
23    <uses-permission android:name="android.permission.WAKE_LOCK" />
23-->[com.mapbox.mapboxsdk:mapbox-android-telemetry:4.5.1] AndroidManifest.xml:12:5-68
23-->[com.mapbox.mapboxsdk:mapbox-android-telemetry:4.5.1] AndroidManifest.xml:12:22-65
24
25    <application
25-->src/main/AndroidManifest.xml:8:5-54:19
26        android:allowBackup="true"
26-->src/main/AndroidManifest.xml:9:9-35
27        android:appComponentFactory="androidx.core.app.CoreComponentFactory"
27-->[androidx.core:core:1.1.0] AndroidManifest.xml:24:18-86
28        android:debuggable="true"
29        android:icon="@mipmap/ic_launcher"
29-->src/main/AndroidManifest.xml:10:9-43
30        android:label="@string/app_name"
30-->src/main/AndroidManifest.xml:11:9-41
31        android:roundIcon="@mipmap/ic_launcher_round"
31-->src/main/AndroidManifest.xml:12:9-54
32        android:supportsRtl="true"
32-->src/main/AndroidManifest.xml:13:9-35
33        android:testOnly="true"
34        android:theme="@style/AppNormal" >
34-->src/main/AndroidManifest.xml:14:9-41
35        <activity
35-->src/main/AndroidManifest.xml:15:9-24:20
36            android:name="com.project.mapchat.Splash"
36-->src/main/AndroidManifest.xml:16:13-35
37            android:launchMode="singleTask"
37-->src/main/AndroidManifest.xml:17:13-44
38            android:theme="@style/SplashTheme" >
38-->src/main/AndroidManifest.xml:18:13-47
39            <intent-filter>
39-->src/main/AndroidManifest.xml:19:13-23:29
40                <action android:name="android.intent.action.MAIN" />
40-->src/main/AndroidManifest.xml:20:17-69
40-->src/main/AndroidManifest.xml:20:25-66
41
42                <category android:name="android.intent.category.LAUNCHER" />
42-->src/main/AndroidManifest.xml:22:17-77
42-->src/main/AndroidManifest.xml:22:27-74
43            </intent-filter>
44        </activity>
45        <activity
45-->src/main/AndroidManifest.xml:25:9-27:47
46            android:name="com.project.mapchat.Login"
46-->src/main/AndroidManifest.xml:26:13-34
47            android:launchMode="singleTask" />
47-->src/main/AndroidManifest.xml:27:13-44
48        <activity android:name="com.project.mapchat.EventAddActivity" />
48-->src/main/AndroidManifest.xml:28:9-54
48-->src/main/AndroidManifest.xml:28:19-51
49        <activity android:name="com.project.mapchat.OnboardingActivity" />
49-->src/main/AndroidManifest.xml:29:9-56
49-->src/main/AndroidManifest.xml:29:19-53
50        <activity android:name="com.project.mapchat.SettingsActivity" />
50-->src/main/AndroidManifest.xml:30:9-54
50-->src/main/AndroidManifest.xml:30:19-51
51        <activity android:name="com.project.mapchat.EventsActivity" />
51-->src/main/AndroidManifest.xml:31:9-52
51-->src/main/AndroidManifest.xml:31:19-49
52        <activity android:name="com.project.mapchat.MainActivity" />
52-->src/main/AndroidManifest.xml:32:9-50
52-->src/main/AndroidManifest.xml:32:19-47
53
54        <meta-data
54-->src/main/AndroidManifest.xml:34:9-36:55
55            android:name="com.facebook.sdk.ApplicationId"
55-->src/main/AndroidManifest.xml:35:13-58
56            android:value="@string/facebook_app_id" />
56-->src/main/AndroidManifest.xml:36:13-52
57
58        <activity
58-->src/main/AndroidManifest.xml:38:9-41:48
59            android:name="com.facebook.FacebookActivity"
59-->src/main/AndroidManifest.xml:39:13-57
60            android:configChanges="keyboard|keyboardHidden|screenLayout|screenSize|orientation"
60-->src/main/AndroidManifest.xml:40:13-96
61            android:label="@string/app_name"
61-->src/main/AndroidManifest.xml:41:13-45
62            android:theme="@style/com_facebook_activity_theme" />
62-->[com.facebook.android:facebook-common:5.13.0] AndroidManifest.xml:32:13-63
63        <activity
63-->src/main/AndroidManifest.xml:42:9-53:20
64            android:name="com.facebook.CustomTabActivity"
64-->src/main/AndroidManifest.xml:43:13-58
65            android:exported="true" >
65-->src/main/AndroidManifest.xml:44:13-36
66            <intent-filter>
66-->src/main/AndroidManifest.xml:45:13-52:29
67                <action android:name="android.intent.action.VIEW" />
67-->src/main/AndroidManifest.xml:46:17-69
67-->src/main/AndroidManifest.xml:46:25-66
68
69                <category android:name="android.intent.category.DEFAULT" />
69-->src/main/AndroidManifest.xml:48:17-76
69-->src/main/AndroidManifest.xml:48:27-73
70                <category android:name="android.intent.category.BROWSABLE" />
70-->src/main/AndroidManifest.xml:49:17-78
70-->src/main/AndroidManifest.xml:49:27-75
71
72                <data android:scheme="@string/fb_login_protocol_scheme" />
72-->src/main/AndroidManifest.xml:51:17-75
72-->src/main/AndroidManifest.xml:51:23-72
73            </intent-filter>
74        </activity>
75        <activity android:name="com.facebook.CustomTabMainActivity" />
75-->[com.facebook.android:facebook-common:5.13.0] AndroidManifest.xml:33:9-71
75-->[com.facebook.android:facebook-common:5.13.0] AndroidManifest.xml:33:19-68
76
77        <provider
77-->[com.mapbox.mapboxsdk:mapbox-android-telemetry:4.5.1] AndroidManifest.xml:19:9-23:39
78            android:name="com.mapbox.android.telemetry.provider.MapboxTelemetryInitProvider"
78-->[com.mapbox.mapboxsdk:mapbox-android-telemetry:4.5.1] AndroidManifest.xml:20:13-93
79            android:authorities="com.project.mapchat.mapboxtelemetryinitprovider"
79-->[com.mapbox.mapboxsdk:mapbox-android-telemetry:4.5.1] AndroidManifest.xml:21:13-79
80            android:exported="false"
80-->[com.mapbox.mapboxsdk:mapbox-android-telemetry:4.5.1] AndroidManifest.xml:22:13-37
81            android:initOrder="100" />
81-->[com.mapbox.mapboxsdk:mapbox-android-telemetry:4.5.1] AndroidManifest.xml:23:13-36
82
83        <service
83-->[com.mapbox.mapboxsdk:mapbox-android-telemetry:4.5.1] AndroidManifest.xml:25:9-27:72
84            android:name="com.mapbox.android.telemetry.crash.CrashReporterJobIntentService"
84-->[com.mapbox.mapboxsdk:mapbox-android-telemetry:4.5.1] AndroidManifest.xml:26:13-92
85            android:permission="android.permission.BIND_JOB_SERVICE" />
85-->[com.mapbox.mapboxsdk:mapbox-android-telemetry:4.5.1] AndroidManifest.xml:27:13-69
86        <!--
87         The initialization ContentProvider will call FacebookSdk.sdkInitialize automatically
88         with the application context. This config is merged in with the host app's manifest,
89         but there can only be one provider with the same authority activated at any given
90         point; so if the end user has two or more different apps that use Facebook SDK, only the
91         first one will be able to use the provider. To work around this problem, we use the
92         following placeholder in the authority to identify each host application as if it was
93         a completely different provider.
94        -->
95        <provider
95-->[com.facebook.android:facebook-core:5.13.0] AndroidManifest.xml:39:9-42:40
96            android:name="com.facebook.internal.FacebookInitProvider"
96-->[com.facebook.android:facebook-core:5.13.0] AndroidManifest.xml:40:13-70
97            android:authorities="com.project.mapchat.FacebookInitProvider"
97-->[com.facebook.android:facebook-core:5.13.0] AndroidManifest.xml:41:13-72
98            android:exported="false" />
98-->[com.facebook.android:facebook-core:5.13.0] AndroidManifest.xml:42:13-37
99
100        <receiver
100-->[com.facebook.android:facebook-core:5.13.0] AndroidManifest.xml:44:9-50:20
101            android:name="com.facebook.CurrentAccessTokenExpirationBroadcastReceiver"
101-->[com.facebook.android:facebook-core:5.13.0] AndroidManifest.xml:45:13-86
102            android:exported="false" >
102-->[com.facebook.android:facebook-core:5.13.0] AndroidManifest.xml:46:13-37
103            <intent-filter>
103-->[com.facebook.android:facebook-core:5.13.0] AndroidManifest.xml:47:13-49:29
104                <action android:name="com.facebook.sdk.ACTION_CURRENT_ACCESS_TOKEN_CHANGED" />
104-->[com.facebook.android:facebook-core:5.13.0] AndroidManifest.xml:48:17-95
104-->[com.facebook.android:facebook-core:5.13.0] AndroidManifest.xml:48:25-92
105            </intent-filter>
106        </receiver>
107        <receiver
107-->[com.facebook.android:facebook-core:5.13.0] AndroidManifest.xml:51:9-58:20
108            android:name="com.facebook.CampaignTrackingReceiver"
108-->[com.facebook.android:facebook-core:5.13.0] AndroidManifest.xml:52:13-65
109            android:exported="true"
109-->[com.facebook.android:facebook-core:5.13.0] AndroidManifest.xml:53:13-36
110            android:permission="android.permission.INSTALL_PACKAGES" >
110-->[com.facebook.android:facebook-core:5.13.0] AndroidManifest.xml:54:13-69
111            <intent-filter>
111-->[com.facebook.android:facebook-core:5.13.0] AndroidManifest.xml:55:13-57:29
112                <action android:name="com.android.vending.INSTALL_REFERRER" />
112-->[com.facebook.android:facebook-core:5.13.0] AndroidManifest.xml:56:17-79
112-->[com.facebook.android:facebook-core:5.13.0] AndroidManifest.xml:56:25-76
113            </intent-filter>
114        </receiver>
115
116        <provider
116-->[androidx.lifecycle:lifecycle-process:2.0.0] AndroidManifest.xml:23:9-27:43
117            android:name="androidx.lifecycle.ProcessLifecycleOwnerInitializer"
117-->[androidx.lifecycle:lifecycle-process:2.0.0] AndroidManifest.xml:24:13-79
118            android:authorities="com.project.mapchat.lifecycle-process"
118-->[androidx.lifecycle:lifecycle-process:2.0.0] AndroidManifest.xml:25:13-69
119            android:exported="false"
119-->[androidx.lifecycle:lifecycle-process:2.0.0] AndroidManifest.xml:26:13-37
120            android:multiprocess="true" />
120-->[androidx.lifecycle:lifecycle-process:2.0.0] AndroidManifest.xml:27:13-40
121    </application>
122
123</manifest>